<?xml version="1.0" encoding="UTF-8"?>
<testsuite xmlns:xsi="http://www.w3.org/2001/XMLSchema-instance" xsi:noNamespaceSchemaLocation="https://maven.apache.org/surefire/maven-surefire-plugin/xsd/surefire-test-report-3.0.xsd" version="3.0" name="org.ntut.posd2024f.shapes.ShapeTest" time="0.0" tests="2" errors="0" skipped="0" failures="0">
  <properties>
[...]
</properties>
  <testcase name="testCircle" classname="org.ntut.posd2024f.shapes.ShapeTest" time="0.0"/>
  <testcase name="testRectangle" classname="org.ntut.posd2024f.shapes.ShapeTest" time="0.0"/>
</testsuite>